<?xml version="1.0" encoding="UTF-8"?>
<testsuite name="de.zalando.lounge.lint.OnUncaughtExceptionDetectorTest" tests="13" skipped="0" failures="0" errors="0" timestamp="2024-07-17T20:10:05" hostname="ZALANDO-70999" time="13.206">
  <properties/>
  <testcase name="should apply fix for long parameter list with body" classname="de.zalando.lounge.lint.OnUncaughtExceptionDetectorTest" time="3.435"/>
  <testcase name="should apply fix for long parameter multiline list with no body" classname="de.zalando.lounge.lint.OnUncaughtExceptionDetectorTest" time="1.163"/>
  <testcase name="should not issue when an argument expression evaluates to SkipPreconditions" classname="de.zalando.lounge.lint.OnUncaughtExceptionDetectorTest" time="0.594"/>
  <testcase name="should apply fix for long parameter list with no body" classname="de.zalando.lounge.lint.OnUncaughtExceptionDetectorTest" time="1.18"/>
  <testcase name="should not issue when using UiPreconditions and onUncaughtException is called from a method" classname="de.zalando.lounge.lint.OnUncaughtExceptionDetectorTest" time="0.668"/>
  <testcase name="should issue when using SkipPreconditions but assigned to UiPreconditions" classname="de.zalando.lounge.lint.OnUncaughtExceptionDetectorTest" time="0.863"/>
  <testcase name="should issue when providing SkipPreconditions through secondary constructor" classname="de.zalando.lounge.lint.OnUncaughtExceptionDetectorTest" time="1.127"/>
  <testcase name="should apply fix for long parameter multiline list with body" classname="de.zalando.lounge.lint.OnUncaughtExceptionDetectorTest" time="1.087"/>
  <testcase name="should issue when using UiPreconditions and is not calling onUncaughtException" classname="de.zalando.lounge.lint.OnUncaughtExceptionDetectorTest" time="0.679"/>
  <testcase name="should not issue when providing SkipPreconditions argument" classname="de.zalando.lounge.lint.OnUncaughtExceptionDetectorTest" time="0.585"/>
  <testcase name="should not issue when a default value expression evaluates to SkipPreconditions " classname="de.zalando.lounge.lint.OnUncaughtExceptionDetectorTest" time="0.613"/>
  <testcase name="should not issue when using SkipPreconditions in constructor parameter" classname="de.zalando.lounge.lint.OnUncaughtExceptionDetectorTest" time="0.585"/>
  <testcase name="should not issue when using UiPreconditions and onUncaughtException is called from init" classname="de.zalando.lounge.lint.OnUncaughtExceptionDetectorTest" time="0.627"/>
  <system-out><![CDATA[]]></system-out>
  <system-err><![CDATA[]]></system-err>
</testsuite>
